{"message":"server is listening on port 5050","level":"\u001b[32minfo\u001b[39m","timestamp":"2020-08-19T18:02:51.571Z"}
{"message":"server is listening on port 5050","level":"\u001b[32minfo\u001b[39m","timestamp":"2020-08-19T18:03:57.982Z"}
{"message":"server is listening on port 5050","level":"\u001b[32minfo\u001b[39m","timestamp":"2020-08-19T18:04:20.158Z"}
{"message":"server is listening on port 5050","level":"\u001b[32minfo\u001b[39m","timestamp":"2020-08-19T18:04:36.988Z"}
{"message":"server is listening on port 5050","level":"\u001b[32minfo\u001b[39m","timestamp":"2020-08-19T21:15:47.860Z"}
{"message":"server is listening on port 5050","level":"\u001b[32minfo\u001b[39m","timestamp":"2020-08-19T21:16:57.662Z"}
{"message":"server is listening on port 5050","level":"\u001b[32minfo\u001b[39m","timestamp":"2020-08-19T21:17:04.095Z"}
{"message":"server is listening on port 5050","level":"\u001b[32minfo\u001b[39m","timestamp":"2020-08-19T21:17:06.320Z"}
{"message":"server is listening on port 5050","level":"\u001b[32minfo\u001b[39m","timestamp":"2020-08-19T21:17:07.653Z"}
{"message":"server is listening on port 5050","level":"\u001b[32minfo\u001b[39m","timestamp":"2020-08-19T21:17:08.929Z"}
{"message":"server is listening on port 5050","level":"\u001b[32minfo\u001b[39m","timestamp":"2020-08-19T21:17:10.339Z"}
{"message":"server is listening on port 5050","level":"\u001b[32minfo\u001b[39m","timestamp":"2020-08-19T21:17:54.762Z"}
{"message":"server is listening on port 5050","level":"\u001b[32minfo\u001b[39m","timestamp":"2020-08-19T21:17:56.746Z"}
{"message":"::1 - - [19/Aug/2020:21:18:04 +0000] \"GET /public/test.html HTTP/1.1\" 404 155 \"-\" \"Mozilla/5.0 (Windows NT 10.0; Win64; x64) AppleWebKit/537.36 (KHTML, like Gecko) Chrome/84.0.4147.135 Safari/537.36\"","level":"\u001b[32minfo\u001b[39m","timestamp":"2020-08-19T21:18:04.737Z"}
{"message":"server is listening on port 5050","level":"\u001b[32minfo\u001b[39m","timestamp":"2020-08-19T21:18:57.673Z"}
{"message":"server is listening on port 5050","level":"\u001b[32minfo\u001b[39m","timestamp":"2020-08-19T21:19:06.205Z"}
{"message":"server is listening on port 5050","level":"\u001b[32minfo\u001b[39m","timestamp":"2020-08-19T21:19:07.934Z"}
{"message":"::1 - - [19/Aug/2020:21:19:24 +0000] \"GET /test.html HTTP/1.1\" 404 148 \"-\" \"Mozilla/5.0 (Windows NT 10.0; Win64; x64) AppleWebKit/537.36 (KHTML, like Gecko) Chrome/84.0.4147.135 Safari/537.36\"","level":"\u001b[32minfo\u001b[39m","timestamp":"2020-08-19T21:19:24.739Z"}
{"message":"server is listening on port 5050","level":"\u001b[32minfo\u001b[39m","timestamp":"2020-08-19T21:21:14.943Z"}
{"message":"::1 - - [19/Aug/2020:21:21:16 +0000] \"GET /test.html HTTP/1.1\" 200 12 \"-\" \"Mozilla/5.0 (Windows NT 10.0; Win64; x64) AppleWebKit/537.36 (KHTML, like Gecko) Chrome/84.0.4147.135 Safari/537.36\"","level":"\u001b[32minfo\u001b[39m","timestamp":"2020-08-19T21:21:16.389Z"}
{"message":"::1 - - [19/Aug/2020:21:21:16 +0000] \"GET /favicon.ico HTTP/1.1\" 404 150 \"-\" \"Mozilla/5.0 (Windows NT 10.0; Win64; x64) AppleWebKit/537.36 (KHTML, like Gecko) Chrome/84.0.4147.135 Safari/537.36\"","level":"\u001b[32minfo\u001b[39m","timestamp":"2020-08-19T21:21:16.606Z"}
{"message":"server is listening on port 5050","level":"\u001b[32minfo\u001b[39m","timestamp":"2020-08-19T21:21:46.559Z"}
{"message":"server is listening on port 5050","level":"\u001b[32minfo\u001b[39m","timestamp":"2020-08-19T21:21:49.592Z"}
{"message":"server is listening on port 5050","level":"\u001b[32minfo\u001b[39m","timestamp":"2020-08-19T21:26:02.031Z"}
{"message":"::1 - - [19/Aug/2020:21:26:09 +0000] \"GET /api-docs HTTP/1.1\" 301 183 \"-\" \"Mozilla/5.0 (Windows NT 10.0; Win64; x64) AppleWebKit/537.36 (KHTML, like Gecko) Chrome/84.0.4147.135 Safari/537.36\"","level":"\u001b[32minfo\u001b[39m","timestamp":"2020-08-19T21:26:09.305Z"}
{"message":"::1 - - [19/Aug/2020:21:26:09 +0000] \"GET /api-docs/ HTTP/1.1\" 200 3104 \"-\" \"Mozilla/5.0 (Windows NT 10.0; Win64; x64) AppleWebKit/537.36 (KHTML, like Gecko) Chrome/84.0.4147.135 Safari/537.36\"","level":"\u001b[32minfo\u001b[39m","timestamp":"2020-08-19T21:26:09.314Z"}
{"message":"::1 - - [19/Aug/2020:21:26:09 +0000] \"GET /api-docs/swagger-ui-init.js HTTP/1.1\" 200 4748 \"-\" \"Mozilla/5.0 (Windows NT 10.0; Win64; x64) AppleWebKit/537.36 (KHTML, like Gecko) Chrome/84.0.4147.135 Safari/537.36\"","level":"\u001b[32minfo\u001b[39m","timestamp":"2020-08-19T21:26:09.371Z"}
{"message":"::1 - - [19/Aug/2020:21:26:09 +0000] \"GET /api-docs/swagger-ui.css HTTP/1.1\" 200 142933 \"-\" \"Mozilla/5.0 (Windows NT 10.0; Win64; x64) AppleWebKit/537.36 (KHTML, like Gecko) Chrome/84.0.4147.135 Safari/537.36\"","level":"\u001b[32minfo\u001b[39m","timestamp":"2020-08-19T21:26:09.381Z"}
{"message":"::1 - - [19/Aug/2020:21:26:09 +0000] \"GET /api-docs/swagger-ui-standalone-preset.js HTTP/1.1\" 200 311804 \"-\" \"Mozilla/5.0 (Windows NT 10.0; Win64; x64) AppleWebKit/537.36 (KHTML, like Gecko) Chrome/84.0.4147.135 Safari/537.36\"","level":"\u001b[32minfo\u001b[39m","timestamp":"2020-08-19T21:26:09.389Z"}
{"message":"::1 - - [19/Aug/2020:21:26:09 +0000] \"GET /api-docs/swagger-ui-bundle.js HTTP/1.1\" 200 987186 \"-\" \"Mozilla/5.0 (Windows NT 10.0; Win64; x64) AppleWebKit/537.36 (KHTML, like Gecko) Chrome/84.0.4147.135 Safari/537.36\"","level":"\u001b[32minfo\u001b[39m","timestamp":"2020-08-19T21:26:09.395Z"}
{"message":"::1 - - [19/Aug/2020:21:26:09 +0000] \"GET /api-docs/favicon-32x32.png HTTP/1.1\" 200 628 \"-\" \"Mozilla/5.0 (Windows NT 10.0; Win64; x64) AppleWebKit/537.36 (KHTML, like Gecko) Chrome/84.0.4147.135 Safari/537.36\"","level":"\u001b[32minfo\u001b[39m","timestamp":"2020-08-19T21:26:09.910Z"}
{"message":"server is listening on port 5050","level":"\u001b[32minfo\u001b[39m","timestamp":"2020-08-19T21:26:41.182Z"}
{"message":"server is listening on port 5050","level":"\u001b[32minfo\u001b[39m","timestamp":"2020-08-19T21:26:50.133Z"}
{"message":"server is listening on port 5050","level":"\u001b[32minfo\u001b[39m","timestamp":"2020-08-19T21:27:01.452Z"}
{"message":"server is listening on port 5050","level":"\u001b[32minfo\u001b[39m","timestamp":"2020-08-19T21:27:06.141Z"}
{"message":"server is listening on port 5050","level":"\u001b[32minfo\u001b[39m","timestamp":"2020-08-19T21:27:11.282Z"}
{"message":"server is listening on port 5050","level":"\u001b[32minfo\u001b[39m","timestamp":"2020-08-19T21:27:13.242Z"}
{"message":"server is listening on port 5050","level":"\u001b[32minfo\u001b[39m","timestamp":"2020-08-19T21:27:29.544Z"}
{"message":"server is listening on port 5050","level":"\u001b[32minfo\u001b[39m","timestamp":"2020-08-19T21:27:33.841Z"}
{"message":"::1 - - [19/Aug/2020:21:27:36 +0000] \"GET /api-docs/ HTTP/1.1\" 304 - \"-\" \"Mozilla/5.0 (Windows NT 10.0; Win64; x64) AppleWebKit/537.36 (KHTML, like Gecko) Chrome/84.0.4147.135 Safari/537.36\"","level":"\u001b[32minfo\u001b[39m","timestamp":"2020-08-19T21:27:36.162Z"}
{"message":"::1 - - [19/Aug/2020:21:27:36 +0000] \"GET /api-docs/swagger-ui-init.js HTTP/1.1\" 200 8237 \"-\" \"Mozilla/5.0 (Windows NT 10.0; Win64; x64) AppleWebKit/537.36 (KHTML, like Gecko) Chrome/84.0.4147.135 Safari/537.36\"","level":"\u001b[32minfo\u001b[39m","timestamp":"2020-08-19T21:27:36.254Z"}
{"message":"::1 - - [19/Aug/2020:21:27:36 +0000] \"GET /api-docs/swagger-ui.css HTTP/1.1\" 304 - \"-\" \"Mozilla/5.0 (Windows NT 10.0; Win64; x64) AppleWebKit/537.36 (KHTML, like Gecko) Chrome/84.0.4147.135 Safari/537.36\"","level":"\u001b[32minfo\u001b[39m","timestamp":"2020-08-19T21:27:36.313Z"}
{"message":"::1 - - [19/Aug/2020:21:27:36 +0000] \"GET /api-docs/swagger-ui-bundle.js HTTP/1.1\" 304 - \"-\" \"Mozilla/5.0 (Windows NT 10.0; Win64; x64) AppleWebKit/537.36 (KHTML, like Gecko) Chrome/84.0.4147.135 Safari/537.36\"","level":"\u001b[32minfo\u001b[39m","timestamp":"2020-08-19T21:27:36.401Z"}
{"message":"::1 - - [19/Aug/2020:21:27:36 +0000] \"GET /api-docs/swagger-ui-standalone-preset.js HTTP/1.1\" 304 - \"-\" \"Mozilla/5.0 (Windows NT 10.0; Win64; x64) AppleWebKit/537.36 (KHTML, like Gecko) Chrome/84.0.4147.135 Safari/537.36\"","level":"\u001b[32minfo\u001b[39m","timestamp":"2020-08-19T21:27:36.406Z"}
{"message":"::1 - - [19/Aug/2020:21:27:36 +0000] \"GET /api-docs/favicon-32x32.png HTTP/1.1\" 200 628 \"-\" \"Mozilla/5.0 (Windows NT 10.0; Win64; x64) AppleWebKit/537.36 (KHTML, like Gecko) Chrome/84.0.4147.135 Safari/537.36\"","level":"\u001b[32minfo\u001b[39m","timestamp":"2020-08-19T21:27:36.763Z"}
{"message":"server is listening on port 5050","level":"\u001b[32minfo\u001b[39m","timestamp":"2020-08-19T21:27:49.969Z"}
{"message":"server is listening on port 5050","level":"\u001b[32minfo\u001b[39m","timestamp":"2020-08-19T21:27:52.139Z"}
{"message":"server is listening on port 5050","level":"\u001b[32minfo\u001b[39m","timestamp":"2020-08-19T21:27:56.276Z"}
{"message":"server is listening on port 5050","level":"\u001b[32minfo\u001b[39m","timestamp":"2020-08-19T21:27:57.933Z"}
{"message":"server is listening on port 5050","level":"\u001b[32minfo\u001b[39m","timestamp":"2020-08-19T21:28:12.598Z"}
{"message":"server is listening on port 5050","level":"\u001b[32minfo\u001b[39m","timestamp":"2020-08-19T21:28:21.102Z"}
{"message":"server is listening on port 5050","level":"\u001b[32minfo\u001b[39m","timestamp":"2020-08-19T21:28:25.742Z"}
{"message":"server is listening on port 5050","level":"\u001b[32minfo\u001b[39m","timestamp":"2020-08-19T21:28:30.610Z"}
{"message":"server is listening on port 5050","level":"\u001b[32minfo\u001b[39m","timestamp":"2020-08-19T21:28:43.792Z"}
{"message":"server is listening on port 5050","level":"\u001b[32minfo\u001b[39m","timestamp":"2020-08-19T21:28:46.042Z"}
{"message":"server is listening on port 5050","level":"\u001b[32minfo\u001b[39m","timestamp":"2020-08-19T21:28:48.083Z"}
{"message":"server is listening on port 5050","level":"\u001b[32minfo\u001b[39m","timestamp":"2020-08-19T21:29:18.391Z"}
{"message":"server is listening on port 5050","level":"\u001b[32minfo\u001b[39m","timestamp":"2020-08-19T21:29:21.515Z"}
{"message":"server is listening on port 5050","level":"\u001b[32minfo\u001b[39m","timestamp":"2020-08-19T21:29:22.786Z"}
{"message":"server is listening on port 5050","level":"\u001b[32minfo\u001b[39m","timestamp":"2020-08-19T21:29:27.383Z"}
{"message":"server is listening on port 5050","level":"\u001b[32minfo\u001b[39m","timestamp":"2020-08-19T21:29:29.834Z"}
{"message":"server is listening on port 5050","level":"\u001b[32minfo\u001b[39m","timestamp":"2020-08-19T21:29:33.788Z"}
{"message":"server is listening on port 5050","level":"\u001b[32minfo\u001b[39m","timestamp":"2020-08-19T21:29:35.398Z"}
{"message":"server is listening on port 5050","level":"\u001b[32minfo\u001b[39m","timestamp":"2020-08-19T21:29:38.480Z"}
{"message":"server is listening on port 5050","level":"\u001b[32minfo\u001b[39m","timestamp":"2020-08-19T21:29:52.405Z"}
{"message":"server is listening on port 5050","level":"\u001b[32minfo\u001b[39m","timestamp":"2020-08-19T21:29:58.638Z"}
{"message":"server is listening on port 5050","level":"\u001b[32minfo\u001b[39m","timestamp":"2020-08-19T21:30:00.220Z"}
{"message":"server is listening on port 5050","level":"\u001b[32minfo\u001b[39m","timestamp":"2020-08-19T21:30:04.669Z"}
{"message":"server is listening on port 5050","level":"\u001b[32minfo\u001b[39m","timestamp":"2020-08-19T21:30:07.064Z"}
{"message":"server is listening on port 5050","level":"\u001b[32minfo\u001b[39m","timestamp":"2020-08-19T21:30:08.988Z"}
{"message":"server is listening on port 5050","level":"\u001b[32minfo\u001b[39m","timestamp":"2020-08-19T21:30:13.674Z"}
{"message":"server is listening on port 5050","level":"\u001b[32minfo\u001b[39m","timestamp":"2020-08-19T21:30:18.060Z"}
{"message":"server is listening on port 5050","level":"\u001b[32minfo\u001b[39m","timestamp":"2020-08-19T21:30:25.508Z"}
{"message":"server is listening on port 5050","level":"\u001b[32minfo\u001b[39m","timestamp":"2020-08-19T21:30:38.102Z"}
{"message":"::1 - - [19/Aug/2020:21:30:41 +0000] \"GET /api-docs/ HTTP/1.1\" 304 - \"-\" \"Mozilla/5.0 (Windows NT 10.0; Win64; x64) AppleWebKit/537.36 (KHTML, like Gecko) Chrome/84.0.4147.135 Safari/537.36\"","level":"\u001b[32minfo\u001b[39m","timestamp":"2020-08-19T21:30:41.960Z"}
{"message":"::1 - - [19/Aug/2020:21:30:42 +0000] \"GET /api-docs/swagger-ui.css HTTP/1.1\" 304 - \"-\" \"Mozilla/5.0 (Windows NT 10.0; Win64; x64) AppleWebKit/537.36 (KHTML, like Gecko) Chrome/84.0.4147.135 Safari/537.36\"","level":"\u001b[32minfo\u001b[39m","timestamp":"2020-08-19T21:30:42.067Z"}
{"message":"::1 - - [19/Aug/2020:21:30:42 +0000] \"GET /api-docs/swagger-ui-bundle.js HTTP/1.1\" 304 - \"-\" \"Mozilla/5.0 (Windows NT 10.0; Win64; x64) AppleWebKit/537.36 (KHTML, like Gecko) Chrome/84.0.4147.135 Safari/537.36\"","level":"\u001b[32minfo\u001b[39m","timestamp":"2020-08-19T21:30:42.072Z"}
{"message":"::1 - - [19/Aug/2020:21:30:42 +0000] \"GET /api-docs/swagger-ui-standalone-preset.js HTTP/1.1\" 304 - \"-\" \"Mozilla/5.0 (Windows NT 10.0; Win64; x64) AppleWebKit/537.36 (KHTML, like Gecko) Chrome/84.0.4147.135 Safari/537.36\"","level":"\u001b[32minfo\u001b[39m","timestamp":"2020-08-19T21:30:42.078Z"}
{"message":"::1 - - [19/Aug/2020:21:30:42 +0000] \"GET /api-docs/swagger-ui-init.js HTTP/1.1\" 200 7911 \"-\" \"Mozilla/5.0 (Windows NT 10.0; Win64; x64) AppleWebKit/537.36 (KHTML, like Gecko) Chrome/84.0.4147.135 Safari/537.36\"","level":"\u001b[32minfo\u001b[39m","timestamp":"2020-08-19T21:30:42.086Z"}
{"message":"::1 - - [19/Aug/2020:21:30:42 +0000] \"GET /api-docs/favicon-32x32.png HTTP/1.1\" 200 628 \"-\" \"Mozilla/5.0 (Windows NT 10.0; Win64; x64) AppleWebKit/537.36 (KHTML, like Gecko) Chrome/84.0.4147.135 Safari/537.36\"","level":"\u001b[32minfo\u001b[39m","timestamp":"2020-08-19T21:30:42.386Z"}
{"message":"server is listening on port 5050","level":"\u001b[32minfo\u001b[39m","timestamp":"2020-08-19T21:31:07.128Z"}
{"message":"server is listening on port 5050","level":"\u001b[32minfo\u001b[39m","timestamp":"2020-08-19T21:31:11.964Z"}
{"message":"server is listening on port 5050","level":"\u001b[32minfo\u001b[39m","timestamp":"2020-08-19T21:31:16.919Z"}
{"message":"server is listening on port 5050","level":"\u001b[32minfo\u001b[39m","timestamp":"2020-08-19T21:31:23.588Z"}
{"message":"::1 - - [19/Aug/2020:21:31:32 +0000] \"GET /api-docs/ HTTP/1.1\" 304 - \"-\" \"Mozilla/5.0 (Windows NT 10.0; Win64; x64) AppleWebKit/537.36 (KHTML, like Gecko) Chrome/84.0.4147.135 Safari/537.36\"","level":"\u001b[32minfo\u001b[39m","timestamp":"2020-08-19T21:31:32.198Z"}
{"message":"::1 - - [19/Aug/2020:21:31:32 +0000] \"GET /api-docs/swagger-ui.css HTTP/1.1\" 304 - \"-\" \"Mozilla/5.0 (Windows NT 10.0; Win64; x64) AppleWebKit/537.36 (KHTML, like Gecko) Chrome/84.0.4147.135 Safari/537.36\"","level":"\u001b[32minfo\u001b[39m","timestamp":"2020-08-19T21:31:32.256Z"}
{"message":"::1 - - [19/Aug/2020:21:31:32 +0000] \"GET /api-docs/swagger-ui-bundle.js HTTP/1.1\" 304 - \"-\" \"Mozilla/5.0 (Windows NT 10.0; Win64; x64) AppleWebKit/537.36 (KHTML, like Gecko) Chrome/84.0.4147.135 Safari/537.36\"","level":"\u001b[32minfo\u001b[39m","timestamp":"2020-08-19T21:31:32.307Z"}
{"message":"::1 - - [19/Aug/2020:21:31:32 +0000] \"GET /api-docs/swagger-ui-init.js HTTP/1.1\" 200 7683 \"-\" \"Mozilla/5.0 (Windows NT 10.0; Win64; x64) AppleWebKit/537.36 (KHTML, like Gecko) Chrome/84.0.4147.135 Safari/537.36\"","level":"\u001b[32minfo\u001b[39m","timestamp":"2020-08-19T21:31:32.311Z"}
{"message":"::1 - - [19/Aug/2020:21:31:32 +0000] \"GET /api-docs/swagger-ui-standalone-preset.js HTTP/1.1\" 304 - \"-\" \"Mozilla/5.0 (Windows NT 10.0; Win64; x64) AppleWebKit/537.36 (KHTML, like Gecko) Chrome/84.0.4147.135 Safari/537.36\"","level":"\u001b[32minfo\u001b[39m","timestamp":"2020-08-19T21:31:32.318Z"}
{"message":"::1 - - [19/Aug/2020:21:31:32 +0000] \"GET /api-docs/favicon-32x32.png HTTP/1.1\" 200 628 \"-\" \"Mozilla/5.0 (Windows NT 10.0; Win64; x64) AppleWebKit/537.36 (KHTML, like Gecko) Chrome/84.0.4147.135 Safari/537.36\"","level":"\u001b[32minfo\u001b[39m","timestamp":"2020-08-19T21:31:32.584Z"}
{"message":"server is listening on port 5050","level":"\u001b[32minfo\u001b[39m","timestamp":"2020-08-19T21:54:31.994Z"}
{"message":"server is listening on port 5050","level":"\u001b[32minfo\u001b[39m","timestamp":"2020-08-19T21:54:52.282Z"}
{"message":"server is listening on port 5050","level":"\u001b[32minfo\u001b[39m","timestamp":"2020-08-19T21:54:58.663Z"}
{"message":"server is listening on port 5050","level":"\u001b[32minfo\u001b[39m","timestamp":"2020-08-19T21:55:17.947Z"}
{"message":"server is listening on port 5050","level":"\u001b[32minfo\u001b[39m","timestamp":"2020-08-19T21:55:42.375Z"}
{"message":"server is listening on port 5050","level":"\u001b[32minfo\u001b[39m","timestamp":"2020-08-19T21:55:48.857Z"}
{"message":"server is listening on port 5050","level":"\u001b[32minfo\u001b[39m","timestamp":"2020-08-19T22:08:06.997Z"}
{"message":"::ffff:127.0.0.1 - - [19/Aug/2020:22:08:07 +0000] \"GET /api/v1/plans HTTP/1.1\" 200 2 \"-\" \"node-superagent/3.8.3\"","level":"\u001b[32minfo\u001b[39m","timestamp":"2020-08-19T22:08:07.024Z"}
{"message":"server is listening on port 5050","level":"\u001b[32minfo\u001b[39m","timestamp":"2020-08-19T22:08:44.875Z"}
{"message":"::ffff:127.0.0.1 - - [19/Aug/2020:22:08:44 +0000] \"GET /api/v1/plans HTTP/1.1\" 200 2 \"-\" \"node-superagent/3.8.3\"","level":"\u001b[32minfo\u001b[39m","timestamp":"2020-08-19T22:08:44.937Z"}
{"message":"server is listening on port 5050","level":"\u001b[32minfo\u001b[39m","timestamp":"2020-08-19T22:09:45.928Z"}
{"message":"::ffff:127.0.0.1 - - [19/Aug/2020:22:09:45 +0000] \"GET /api/v1/plans HTTP/1.1\" 200 2 \"-\" \"node-superagent/3.8.3\"","level":"\u001b[32minfo\u001b[39m","timestamp":"2020-08-19T22:09:45.989Z"}
{"message":"::ffff:127.0.0.1 - - [19/Aug/2020:22:11:11 +0000] \"GET /api/v1/plans HTTP/1.1\" 200 2 \"-\" \"node-superagent/3.8.3\"","level":"\u001b[32minfo\u001b[39m","timestamp":"2020-08-19T22:11:11.820Z"}
{"message":"server is listening on port 5050","level":"\u001b[32minfo\u001b[39m","timestamp":"2020-08-19T22:11:11.974Z"}
{"message":"server is listening on port 5050","level":"\u001b[32minfo\u001b[39m","timestamp":"2020-08-19T22:12:05.911Z"}
{"message":"::ffff:127.0.0.1 - - [19/Aug/2020:22:12:05 +0000] \"GET /api/v1/plans HTTP/1.1\" 200 2 \"-\" \"node-superagent/3.8.3\"","level":"\u001b[32minfo\u001b[39m","timestamp":"2020-08-19T22:12:05.965Z"}
{"message":"server is listening on port 5050","level":"\u001b[32minfo\u001b[39m","timestamp":"2020-08-19T22:17:25.046Z"}
{"message":"::ffff:127.0.0.1 - - [19/Aug/2020:22:17:25 +0000] \"GET /api/v1/plans HTTP/1.1\" 200 2 \"-\" \"node-superagent/3.8.3\"","level":"\u001b[32minfo\u001b[39m","timestamp":"2020-08-19T22:17:25.105Z"}
{"message":"server is listening on port 5050","level":"\u001b[32minfo\u001b[39m","timestamp":"2020-08-19T22:17:51.065Z"}
{"message":"::ffff:127.0.0.1 - - [19/Aug/2020:22:17:51 +0000] \"GET /api/v1/plans HTTP/1.1\" 200 2 \"-\" \"node-superagent/3.8.3\"","level":"\u001b[32minfo\u001b[39m","timestamp":"2020-08-19T22:17:51.090Z"}
{"message":"::ffff:127.0.0.1 - - [19/Aug/2020:22:19:27 +0000] \"GET /api/v1/plans HTTP/1.1\" 404 151 \"-\" \"node-superagent/3.8.3\"","level":"\u001b[32minfo\u001b[39m","timestamp":"2020-08-19T22:19:27.079Z"}
{"message":"server is listening on port 5050","level":"\u001b[32minfo\u001b[39m","timestamp":"2020-08-19T22:19:27.181Z"}
{"message":"server is listening on port 5050","level":"\u001b[32minfo\u001b[39m","timestamp":"2020-08-19T22:20:03.168Z"}
{"message":"::ffff:127.0.0.1 - - [19/Aug/2020:22:20:03 +0000] \"GET /api/v1/plans HTTP/1.1\" 404 151 \"-\" \"node-superagent/3.8.3\"","level":"\u001b[32minfo\u001b[39m","timestamp":"2020-08-19T22:20:03.194Z"}
{"message":"server is listening on port 5050","level":"\u001b[32minfo\u001b[39m","timestamp":"2020-08-19T22:20:30.282Z"}
{"message":"::ffff:127.0.0.1 - - [19/Aug/2020:22:20:30 +0000] \"GET /api/v1/plans HTTP/1.1\" 200 2 \"-\" \"node-superagent/3.8.3\"","level":"\u001b[32minfo\u001b[39m","timestamp":"2020-08-19T22:20:30.316Z"}
